# JRE version: OpenJDK Runtime Environment (17.0.2+8) (build 17.0.2+8-86)
# Java VM: OpenJDK 64-Bit Server VM (17.0.2+8-86, mixed mode, sharing, tiered, compressed oops, compressed class ptrs, g1 gc, windows-amd64)
GC Precious Log:
 CPUs: 8 total, 8 available
 Memory: 7914M
 Large Page Support: Disabled
 NUMA Support: Disabled
 Compressed Oops: Enabled (Zero based)
 Heap Region Size: 4M
 Heap Min Capacity: 8M
 Heap Initial Capacity: 124M
 Heap Max Capacity: 8G
 Pre-touch: Disabled
 Parallel Workers: 8
 Concurrent Workers: 2
 Concurrent Refinement Workers: 8
 Periodic GC: Disabled
Heap:
 garbage-first heap   total 1040384K, used 370322K [0x0000000600000000, 0x0000000800000000)
  region size 4096K, 7 young (28672K), 7 survivors (28672K)
 Metaspace       used 171286K, committed 173568K, reserved 1204224K
  class space    used 22932K, committed 24000K, reserved 1048576K
GC Heap History (20 events):
Event: 6351.883 GC heap after
{Heap after GC invocations=116 (full 0):
 garbage-first heap   total 897024K, used 422441K [0x0000000600000000, 0x0000000800000000)
  region size 4096K, 5 young (20480K), 5 survivors (20480K)
 Metaspace       used 126521K, committed 128512K, reserved 1163264K
  class space    used 17112K, committed 18048K, reserved 1048576K
}
Event: 6353.909 GC heap before
{Heap before GC invocations=116 (full 0):
 garbage-first heap   total 897024K, used 545321K [0x0000000600000000, 0x0000000800000000)
  region size 4096K, 36 young (147456K), 5 survivors (20480K)
 Metaspace       used 126801K, committed 128832K, reserved 1163264K
  class space    used 17120K, committed 18048K, reserved 1048576K
}
Event: 6353.993 GC heap after
{Heap after GC invocations=117 (full 0):
 garbage-first heap   total 897024K, used 446590K [0x0000000600000000, 0x0000000800000000)
  region size 4096K, 5 young (20480K), 5 survivors (20480K)
 Metaspace       used 126801K, committed 128832K, reserved 1163264K
  class space    used 17120K, committed 18048K, reserved 1048576K
}
Event: 6383.661 GC heap before
{Heap before GC invocations=117 (full 0):
 garbage-first heap   total 897024K, used 565374K [0x0000000600000000, 0x0000000800000000)
  region size 4096K, 35 young (143360K), 5 survivors (20480K)
 Metaspace       used 128488K, committed 130624K, reserved 1163264K
  class space    used 17285K, committed 18240K, reserved 1048576K
}
Event: 6383.723 GC heap after
{Heap after GC invocations=118 (full 0):
 garbage-first heap   total 897024K, used 467701K [0x0000000600000000, 0x0000000800000000)
  region size 4096K, 5 young (20480K), 5 survivors (20480K)
 Metaspace       used 128488K, committed 130624K, reserved 1163264K
  class space    used 17285K, committed 18240K, reserved 1048576K
}
Event: 6389.477 GC heap before
{Heap before GC invocations=118 (full 0):
 garbage-first heap   total 897024K, used 635637K [0x0000000600000000, 0x0000000800000000)
  region size 4096K, 47 young (192512K), 5 survivors (20480K)
 Metaspace       used 132564K, committed 134720K, reserved 1171456K
  class space    used 17647K, committed 18624K, reserved 1048576K
}
Event: 6389.493 GC heap after
{Heap after GC invocations=119 (full 0):
 garbage-first heap   total 897024K, used 461720K [0x0000000600000000, 0x0000000800000000)
  region size 4096K, 2 young (8192K), 2 survivors (8192K)
 Metaspace       used 132564K, committed 134720K, reserved 1171456K
  class space    used 17647K, committed 18624K, reserved 1048576K
}
Event: 6399.736 GC heap before
{Heap before GC invocations=119 (full 0):
 garbage-first heap   total 897024K, used 711576K [0x0000000600000000, 0x0000000800000000)
  region size 4096K, 64 young (262144K), 2 survivors (8192K)
 Metaspace       used 145737K, committed 147904K, reserved 1179648K
  class space    used 19226K, committed 20224K, reserved 1048576K
}
Event: 6399.773 GC heap after
{Heap after GC invocations=120 (full 0):
 garbage-first heap   total 897024K, used 474904K [0x0000000600000000, 0x0000000800000000)
  region size 4096K, 5 young (20480K), 5 survivors (20480K)
 Metaspace       used 145737K, committed 147904K, reserved 1179648K
  class space    used 19226K, committed 20224K, reserved 1048576K
}
Event: 6401.410 GC heap before
{Heap before GC invocations=120 (full 0):
 garbage-first heap   total 897024K, used 642840K [0x0000000600000000, 0x0000000800000000)
  region size 4096K, 31 young (126976K), 5 survivors (20480K)
 Metaspace       used 147795K, committed 149952K, reserved 1179648K
  class space    used 19491K, committed 20480K, reserved 1048576K
}
Event: 6401.439 GC heap after
{Heap after GC invocations=121 (full 0):
 garbage-first heap   total 897024K, used 553572K [0x0000000600000000, 0x0000000800000000)
  region size 4096K, 7 young (28672K), 7 survivors (28672K)
 Metaspace       used 147795K, committed 149952K, reserved 1179648K
  class space    used 19491K, committed 20480K, reserved 1048576K
}
Event: 6405.528 GC heap before
{Heap before GC invocations=122 (full 0):
 garbage-first heap   total 1040384K, used 770660K [0x0000000600000000, 0x0000000800000000)
  region size 4096K, 50 young (204800K), 7 survivors (28672K)
 Metaspace       used 160308K, committed 162560K, reserved 1196032K
  class space    used 21534K, committed 22592K, reserved 1048576K
}
Event: 6405.625 GC heap after
{Heap after GC invocations=123 (full 0):
 garbage-first heap   total 1040384K, used 477039K [0x0000000600000000, 0x0000000800000000)
  region size 4096K, 7 young (28672K), 7 survivors (28672K)
 Metaspace       used 160308K, committed 162560K, reserved 1196032K
  class space    used 21534K, committed 22592K, reserved 1048576K
}
Event: 6405.786 GC heap before
{Heap before GC invocations=123 (full 0):
 garbage-first heap   total 1040384K, used 517999K [0x0000000600000000, 0x0000000800000000)
  region size 4096K, 12 young (49152K), 7 survivors (28672K)
 Metaspace       used 161686K, committed 163968K, reserved 1196032K
  class space    used 21777K, committed 22848K, reserved 1048576K
}
Event: 6405.825 GC heap after
{Heap after GC invocations=124 (full 0):
 garbage-first heap   total 1040384K, used 390189K [0x0000000600000000, 0x0000000800000000)
  region size 4096K, 2 young (8192K), 2 survivors (8192K)
 Metaspace       used 161686K, committed 163968K, reserved 1196032K
  class space    used 21777K, committed 22848K, reserved 1048576K
}
Event: 6406.044 GC heap before
{Heap before GC invocations=124 (full 0):
 garbage-first heap   total 1040384K, used 427053K [0x0000000600000000, 0x0000000800000000)
  region size 4096K, 12 young (49152K), 2 survivors (8192K)
 Metaspace       used 163212K, committed 165504K, reserved 1196032K
  class space    used 21976K, committed 23040K, reserved 1048576K
}
Event: 6406.091 GC heap after
{Heap after GC invocations=125 (full 0):
 garbage-first heap   total 1040384K, used 347869K [0x0000000600000000, 0x0000000800000000)
  region size 4096K, 2 young (8192K), 2 survivors (8192K)
 Metaspace       used 163212K, committed 165504K, reserved 1196032K
  class space    used 21976K, committed 23040K, reserved 1048576K
}
Event: 6407.728 GC heap before
{Heap before GC invocations=125 (full 0):
 garbage-first heap   total 1040384K, used 782045K [0x0000000600000000, 0x0000000800000000)
  region size 4096K, 108 young (442368K), 2 survivors (8192K)
 Metaspace       used 167957K, committed 170176K, reserved 1196032K
  class space    used 22651K, committed 23680K, reserved 1048576K
}
Event: 6407.762 GC heap after
{Heap after GC invocations=126 (full 0):
 garbage-first heap   total 1040384K, used 372372K [0x0000000600000000, 0x0000000800000000)
  region size 4096K, 8 young (32768K), 8 survivors (32768K)
 Metaspace       used 167957K, committed 170176K, reserved 1196032K
  class space    used 22651K, committed 23680K, reserved 1048576K
}
Event: 6410.828 GC heap before
{Heap before GC invocations=126 (full 0):
 garbage-first heap   total 1040384K, used 806548K [0x0000000600000000, 0x0000000800000000)
  region size 4096K, 115 young (471040K), 8 survivors (32768K)
 Metaspace       used 171286K, committed 173568K, reserved 1204224K
  class space    used 22932K, committed 24000K, reserved 1048576K
}

