# JRE version: OpenJDK Runtime Environment (17.0.2+8) (build 17.0.2+8-86)
# Java VM: OpenJDK 64-Bit Server VM (17.0.2+8-86, mixed mode, sharing, tiered, compressed oops, compressed class ptrs, g1 gc, windows-amd64)
GC Precious Log:
 CPUs: 8 total, 8 available
 Memory: 7914M
 Large Page Support: Disabled
 NUMA Support: Disabled
 Compressed Oops: Enabled (Zero based)
 Heap Region Size: 4M
 Heap Min Capacity: 8M
 Heap Initial Capacity: 124M
 Heap Max Capacity: 8G
 Pre-touch: Disabled
 Parallel Workers: 8
 Concurrent Workers: 2
 Concurrent Refinement Workers: 8
 Periodic GC: Disabled
Heap:
 garbage-first heap   total 1130496K, used 398169K [0x0000000600000000, 0x0000000800000000)
  region size 4096K, 9 young (36864K), 9 survivors (36864K)
 Metaspace       used 137079K, committed 138624K, reserved 1171456K
  class space    used 19194K, committed 19904K, reserved 1048576K
GC Heap History (20 events):
Event: 139.710 GC heap after
{Heap after GC invocations=86 (full 0):
 garbage-first heap   total 1130496K, used 420162K [0x0000000600000000, 0x0000000800000000)
  region size 4096K, 5 young (20480K), 5 survivors (20480K)
 Metaspace       used 115235K, committed 116672K, reserved 1155072K
  class space    used 15940K, committed 16576K, reserved 1048576K
}
Event: 143.387 GC heap before
{Heap before GC invocations=87 (full 0):
 garbage-first heap   total 1130496K, used 833858K [0x0000000600000000, 0x0000000800000000)
  region size 4096K, 119 young (487424K), 5 survivors (20480K)
 Metaspace       used 131669K, committed 133184K, reserved 1163264K
  class space    used 18599K, committed 19264K, reserved 1048576K
}
Event: 143.451 GC heap after
{Heap after GC invocations=88 (full 0):
 garbage-first heap   total 1130496K, used 334502K [0x0000000600000000, 0x0000000800000000)
  region size 4096K, 15 young (61440K), 15 survivors (61440K)
 Metaspace       used 131669K, committed 133184K, reserved 1163264K
  class space    used 18599K, committed 19264K, reserved 1048576K
}
Event: 143.464 GC heap before
{Heap before GC invocations=88 (full 0):
 garbage-first heap   total 1130496K, used 338598K [0x0000000600000000, 0x0000000800000000)
  region size 4096K, 16 young (65536K), 15 survivors (61440K)
 Metaspace       used 131685K, committed 133184K, reserved 1163264K
  class space    used 18600K, committed 19264K, reserved 1048576K
}
Event: 143.563 GC heap after
{Heap after GC invocations=89 (full 0):
 garbage-first heap   total 1130496K, used 339717K [0x0000000600000000, 0x0000000800000000)
  region size 4096K, 2 young (8192K), 2 survivors (8192K)
 Metaspace       used 131685K, committed 133184K, reserved 1163264K
  class space    used 18600K, committed 19264K, reserved 1048576K
}
Event: 145.367 GC heap before
{Heap before GC invocations=89 (full 0):
 garbage-first heap   total 1130496K, used 814853K [0x0000000600000000, 0x0000000800000000)
  region size 4096K, 118 young (483328K), 2 survivors (8192K)
 Metaspace       used 133756K, committed 135360K, reserved 1171456K
  class space    used 18777K, committed 19520K, reserved 1048576K
}
Event: 145.386 GC heap after
{Heap after GC invocations=90 (full 0):
 garbage-first heap   total 1130496K, used 350659K [0x0000000600000000, 0x0000000800000000)
  region size 4096K, 5 young (20480K), 5 survivors (20480K)
 Metaspace       used 133756K, committed 135360K, reserved 1171456K
  class space    used 18777K, committed 19520K, reserved 1048576K
}
Event: 146.528 GC heap before
{Heap before GC invocations=90 (full 0):
 garbage-first heap   total 1130496K, used 854467K [0x0000000600000000, 0x0000000800000000)
  region size 4096K, 128 young (524288K), 5 survivors (20480K)
 Metaspace       used 135479K, committed 137024K, reserved 1171456K
  class space    used 19040K, committed 19776K, reserved 1048576K
}
Event: 146.550 GC heap after
{Heap after GC invocations=91 (full 0):
 garbage-first heap   total 1130496K, used 358958K [0x0000000600000000, 0x0000000800000000)
  region size 4096K, 7 young (28672K), 7 survivors (28672K)
 Metaspace       used 135479K, committed 137024K, reserved 1171456K
  class space    used 19040K, committed 19776K, reserved 1048576K
}
Event: 147.761 GC heap before
{Heap before GC invocations=91 (full 0):
 garbage-first heap   total 1130496K, used 899630K [0x0000000600000000, 0x0000000800000000)
  region size 4096K, 139 young (569344K), 7 survivors (28672K)
 Metaspace       used 136105K, committed 137728K, reserved 1171456K
  class space    used 19111K, committed 19840K, reserved 1048576K
}
Event: 147.793 GC heap after
{Heap after GC invocations=92 (full 0):
 garbage-first heap   total 1130496K, used 371945K [0x0000000600000000, 0x0000000800000000)
  region size 4096K, 10 young (40960K), 10 survivors (40960K)
 Metaspace       used 136105K, committed 137728K, reserved 1171456K
  class space    used 19111K, committed 19840K, reserved 1048576K
}
Event: 149.792 GC heap before
{Heap before GC invocations=93 (full 0):
 garbage-first heap   total 1130496K, used 916713K [0x0000000600000000, 0x0000000800000000)
  region size 4096K, 144 young (589824K), 10 survivors (40960K)
 Metaspace       used 136133K, committed 137792K, reserved 1171456K
  class space    used 19105K, committed 19840K, reserved 1048576K
}
Event: 149.846 GC heap after
{Heap after GC invocations=94 (full 0):
 garbage-first heap   total 1130496K, used 377012K [0x0000000600000000, 0x0000000800000000)
  region size 4096K, 8 young (32768K), 8 survivors (32768K)
 Metaspace       used 136133K, committed 137792K, reserved 1171456K
  class space    used 19105K, committed 19840K, reserved 1048576K
}
Event: 149.934 GC heap before
{Heap before GC invocations=94 (full 0):
 garbage-first heap   total 1130496K, used 393396K [0x0000000600000000, 0x0000000800000000)
  region size 4096K, 13 young (53248K), 8 survivors (32768K)
 Metaspace       used 136133K, committed 137792K, reserved 1171456K
  class space    used 19105K, committed 19840K, reserved 1048576K
}
Event: 149.965 GC heap after
{Heap after GC invocations=95 (full 0):
 garbage-first heap   total 1130496K, used 369566K [0x0000000600000000, 0x0000000800000000)
  region size 4096K, 2 young (8192K), 2 survivors (8192K)
 Metaspace       used 136133K, committed 137792K, reserved 1171456K
  class space    used 19105K, committed 19840K, reserved 1048576K
}
Event: 151.451 GC heap before
{Heap before GC invocations=95 (full 0):
 garbage-first heap   total 1130496K, used 926622K [0x0000000600000000, 0x0000000800000000)
  region size 4096K, 139 young (569344K), 2 survivors (8192K)
 Metaspace       used 136362K, committed 137920K, reserved 1171456K
  class space    used 19144K, committed 19840K, reserved 1048576K
}
Event: 151.468 GC heap after
{Heap after GC invocations=96 (full 0):
 garbage-first heap   total 1130496K, used 371806K [0x0000000600000000, 0x0000000800000000)
  region size 4096K, 2 young (8192K), 2 survivors (8192K)
 Metaspace       used 136362K, committed 137920K, reserved 1171456K
  class space    used 19144K, committed 19840K, reserved 1048576K
}
Event: 152.627 GC heap before
{Heap before GC invocations=96 (full 0):
 garbage-first heap   total 1130496K, used 945246K [0x0000000600000000, 0x0000000800000000)
  region size 4096K, 142 young (581632K), 2 survivors (8192K)
 Metaspace       used 136745K, committed 138304K, reserved 1171456K
  class space    used 19186K, committed 19904K, reserved 1048576K
}
Event: 152.661 GC heap after
{Heap after GC invocations=97 (full 0):
 garbage-first heap   total 1130496K, used 398930K [0x0000000600000000, 0x0000000800000000)
  region size 4096K, 9 young (36864K), 9 survivors (36864K)
 Metaspace       used 136745K, committed 138304K, reserved 1171456K
  class space    used 19186K, committed 19904K, reserved 1048576K
}
Event: 153.977 GC heap before
{Heap before GC invocations=97 (full 0):
 garbage-first heap   total 1130496K, used 935506K [0x0000000600000000, 0x0000000800000000)
  region size 4096K, 140 young (573440K), 9 survivors (36864K)
 Metaspace       used 137079K, committed 138624K, reserved 1171456K
  class space    used 19194K, committed 19904K, reserved 1048576K
}

