# JRE version: OpenJDK Runtime Environment (17.0.2+8) (build 17.0.2+8-86)
# Java VM: OpenJDK 64-Bit Server VM (17.0.2+8-86, mixed mode, sharing, tiered, compressed oops, compressed class ptrs, g1 gc, windows-amd64)
GC Precious Log:
 CPUs: 8 total, 8 available
 Memory: 7914M
 Large Page Support: Disabled
 NUMA Support: Disabled
 Compressed Oops: Enabled (32-bit)
 Heap Region Size: 1M
 Heap Min Capacity: 8M
 Heap Initial Capacity: 124M
 Heap Max Capacity: 1980M
 Pre-touch: Disabled
 Parallel Workers: 8
 Concurrent Workers: 2
 Concurrent Refinement Workers: 8
 Periodic GC: Disabled
Heap:
 garbage-first heap   total 102400K, used 54619K [0x0000000084400000, 0x0000000100000000)
  region size 1024K, 1 young (1024K), 1 survivors (1024K)
 Metaspace       used 77701K, committed 78016K, reserved 1122304K
  class space    used 8712K, committed 8832K, reserved 1048576K
GC Heap History (20 events):
Event: 19.818 GC heap after
{Heap after GC invocations=20 (full 0):
 garbage-first heap   total 73728K, used 43403K [0x0000000084400000, 0x0000000100000000)
  region size 1024K, 3 young (3072K), 3 survivors (3072K)
 Metaspace       used 55336K, committed 55616K, reserved 1105920K
  class space    used 6628K, committed 6784K, reserved 1048576K
}
Event: 22.162 GC heap before
{Heap before GC invocations=20 (full 0):
 garbage-first heap   total 73728K, used 58763K [0x0000000084400000, 0x0000000100000000)
  region size 1024K, 18 young (18432K), 3 survivors (3072K)
 Metaspace       used 56547K, committed 56832K, reserved 1105920K
  class space    used 6700K, committed 6848K, reserved 1048576K
}
Event: 22.175 GC heap after
{Heap after GC invocations=21 (full 0):
 garbage-first heap   total 73728K, used 45181K [0x0000000084400000, 0x0000000100000000)
  region size 1024K, 2 young (2048K), 2 survivors (2048K)
 Metaspace       used 56547K, committed 56832K, reserved 1105920K
  class space    used 6700K, committed 6848K, reserved 1048576K
}
Event: 23.560 GC heap before
{Heap before GC invocations=22 (full 0):
 garbage-first heap   total 80896K, used 59517K [0x0000000084400000, 0x0000000100000000)
  region size 1024K, 16 young (16384K), 2 survivors (2048K)
 Metaspace       used 56841K, committed 57152K, reserved 1105920K
  class space    used 6707K, committed 6848K, reserved 1048576K
}
Event: 23.570 GC heap after
{Heap after GC invocations=23 (full 0):
 garbage-first heap   total 80896K, used 46348K [0x0000000084400000, 0x0000000100000000)
  region size 1024K, 2 young (2048K), 2 survivors (2048K)
 Metaspace       used 56841K, committed 57152K, reserved 1105920K
  class space    used 6707K, committed 6848K, reserved 1048576K
}
Event: 26.500 GC heap before
{Heap before GC invocations=23 (full 0):
 garbage-first heap   total 80896K, used 65804K [0x0000000084400000, 0x0000000100000000)
  region size 1024K, 21 young (21504K), 2 survivors (2048K)
 Metaspace       used 57453K, committed 57792K, reserved 1105920K
  class space    used 6727K, committed 6848K, reserved 1048576K
}
Event: 26.514 GC heap after
{Heap after GC invocations=24 (full 0):
 garbage-first heap   total 80896K, used 48552K [0x0000000084400000, 0x0000000100000000)
  region size 1024K, 3 young (3072K), 3 survivors (3072K)
 Metaspace       used 57453K, committed 57792K, reserved 1105920K
  class space    used 6727K, committed 6848K, reserved 1048576K
}
Event: 27.516 GC heap before
{Heap before GC invocations=25 (full 0):
 garbage-first heap   total 83968K, used 65960K [0x0000000084400000, 0x0000000100000000)
  region size 1024K, 20 young (20480K), 3 survivors (3072K)
 Metaspace       used 58875K, committed 59200K, reserved 1105920K
  class space    used 6856K, committed 6976K, reserved 1048576K
}
Event: 27.540 GC heap after
{Heap after GC invocations=26 (full 0):
 garbage-first heap   total 83968K, used 49555K [0x0000000084400000, 0x0000000100000000)
  region size 1024K, 1 young (1024K), 1 survivors (1024K)
 Metaspace       used 58875K, committed 59200K, reserved 1105920K
  class space    used 6856K, committed 6976K, reserved 1048576K
}
Event: 28.459 GC heap before
{Heap before GC invocations=26 (full 0):
 garbage-first heap   total 83968K, used 67987K [0x0000000084400000, 0x0000000100000000)
  region size 1024K, 20 young (20480K), 1 survivors (1024K)
 Metaspace       used 62931K, committed 63232K, reserved 1105920K
  class space    used 7286K, committed 7424K, reserved 1048576K
}
Event: 28.467 GC heap after
{Heap after GC invocations=27 (full 0):
 garbage-first heap   total 83968K, used 50824K [0x0000000084400000, 0x0000000100000000)
  region size 1024K, 3 young (3072K), 3 survivors (3072K)
 Metaspace       used 62931K, committed 63232K, reserved 1105920K
  class space    used 7286K, committed 7424K, reserved 1048576K
}
Event: 29.347 GC heap before
{Heap before GC invocations=28 (full 0):
 garbage-first heap   total 89088K, used 68232K [0x0000000084400000, 0x0000000100000000)
  region size 1024K, 20 young (20480K), 3 survivors (3072K)
 Metaspace       used 65867K, committed 66176K, reserved 1114112K
  class space    used 7598K, committed 7744K, reserved 1048576K
}
Event: 29.361 GC heap after
{Heap after GC invocations=29 (full 0):
 garbage-first heap   total 89088K, used 52357K [0x0000000084400000, 0x0000000100000000)
  region size 1024K, 3 young (3072K), 3 survivors (3072K)
 Metaspace       used 65867K, committed 66176K, reserved 1114112K
  class space    used 7598K, committed 7744K, reserved 1048576K
}
Event: 30.330 GC heap before
{Heap before GC invocations=29 (full 0):
 garbage-first heap   total 89088K, used 72837K [0x0000000084400000, 0x0000000100000000)
  region size 1024K, 24 young (24576K), 3 survivors (3072K)
 Metaspace       used 70738K, committed 71040K, reserved 1114112K
  class space    used 8102K, committed 8256K, reserved 1048576K
}
Event: 30.347 GC heap after
{Heap after GC invocations=30 (full 0):
 garbage-first heap   total 89088K, used 53638K [0x0000000084400000, 0x0000000100000000)
  region size 1024K, 3 young (3072K), 3 survivors (3072K)
 Metaspace       used 70738K, committed 71040K, reserved 1114112K
  class space    used 8102K, committed 8256K, reserved 1048576K
}
Event: 31.353 GC heap before
{Heap before GC invocations=31 (full 0):
 garbage-first heap   total 94208K, used 72070K [0x0000000084400000, 0x0000000100000000)
  region size 1024K, 22 young (22528K), 3 survivors (3072K)
 Metaspace       used 74537K, committed 74816K, reserved 1122304K
  class space    used 8454K, committed 8576K, reserved 1048576K
}
Event: 31.365 GC heap after
{Heap after GC invocations=32 (full 0):
 garbage-first heap   total 94208K, used 54885K [0x0000000084400000, 0x0000000100000000)
  region size 1024K, 3 young (3072K), 3 survivors (3072K)
 Metaspace       used 74537K, committed 74816K, reserved 1122304K
  class space    used 8454K, committed 8576K, reserved 1048576K
}
Event: 31.475 GC heap before
{Heap before GC invocations=32 (full 0):
 garbage-first heap   total 94208K, used 55909K [0x0000000084400000, 0x0000000100000000)
  region size 1024K, 4 young (4096K), 3 survivors (3072K)
 Metaspace       used 74661K, committed 74944K, reserved 1122304K
  class space    used 8464K, committed 8576K, reserved 1048576K
}
Event: 31.494 GC heap after
{Heap after GC invocations=33 (full 0):
 garbage-first heap   total 94208K, used 54403K [0x0000000084400000, 0x0000000100000000)
  region size 1024K, 1 young (1024K), 1 survivors (1024K)
 Metaspace       used 74661K, committed 74944K, reserved 1122304K
  class space    used 8464K, committed 8576K, reserved 1048576K
}
Event: 32.410 GC heap before
{Heap before GC invocations=33 (full 0):
 garbage-first heap   total 94208K, used 67715K [0x0000000084400000, 0x0000000100000000)
  region size 1024K, 15 young (15360K), 1 survivors (1024K)
 Metaspace       used 77701K, committed 78016K, reserved 1122304K
  class space    used 8712K, committed 8832K, reserved 1048576K
}

