# JRE version: OpenJDK Runtime Environment (17.0.2+8) (build 17.0.2+8-86)
# Java VM: OpenJDK 64-Bit Server VM (17.0.2+8-86, mixed mode, sharing, tiered, compressed oops, compressed class ptrs, g1 gc, windows-amd64)
GC Precious Log:
 CPUs: 8 total, 8 available
 Memory: 7914M
 Large Page Support: Disabled
 NUMA Support: Disabled
 Compressed Oops: Enabled (Zero based)
 Heap Region Size: 4M
 Heap Min Capacity: 8M
 Heap Initial Capacity: 124M
 Heap Max Capacity: 8G
 Pre-touch: Disabled
 Parallel Workers: 8
 Concurrent Workers: 2
 Concurrent Refinement Workers: 8
 Periodic GC: Disabled
Heap:
 garbage-first heap   total 1785856K, used 594839K [0x0000000600000000, 0x0000000800000000)
  region size 4096K, 3 young (12288K), 3 survivors (12288K)
 Metaspace       used 122621K, committed 124736K, reserved 1163264K
  class space    used 16506K, committed 17472K, reserved 1048576K
GC Heap History (20 events):
Event: 2133.155 GC heap after
{Heap after GC invocations=83 (full 0):
 garbage-first heap   total 1507328K, used 483253K [0x0000000600000000, 0x0000000800000000)
  region size 4096K, 4 young (16384K), 4 survivors (16384K)
 Metaspace       used 121831K, committed 123904K, reserved 1163264K
  class space    used 16460K, committed 17408K, reserved 1048576K
}
Event: 2158.241 GC heap before
{Heap before GC invocations=83 (full 0):
 garbage-first heap   total 1507328K, used 589749K [0x0000000600000000, 0x0000000800000000)
  region size 4096K, 31 young (126976K), 4 survivors (16384K)
 Metaspace       used 121920K, committed 123968K, reserved 1163264K
  class space    used 16461K, committed 17408K, reserved 1048576K
}
Event: 2158.369 GC heap after
{Heap after GC invocations=84 (full 0):
 garbage-first heap   total 1785856K, used 500670K [0x0000000600000000, 0x0000000800000000)
  region size 4096K, 4 young (16384K), 4 survivors (16384K)
 Metaspace       used 121920K, committed 123968K, reserved 1163264K
  class space    used 16461K, committed 17408K, reserved 1048576K
}
Event: 2162.877 GC heap before
{Heap before GC invocations=84 (full 0):
 garbage-first heap   total 1785856K, used 672702K [0x0000000600000000, 0x0000000800000000)
  region size 4096K, 33 young (135168K), 4 survivors (16384K)
 Metaspace       used 121964K, committed 124032K, reserved 1163264K
  class space    used 16462K, committed 17408K, reserved 1048576K
}
Event: 2162.961 GC heap after
{Heap after GC invocations=85 (full 0):
 garbage-first heap   total 1785856K, used 563621K [0x0000000600000000, 0x0000000800000000)
  region size 4096K, 2 young (8192K), 2 survivors (8192K)
 Metaspace       used 121964K, committed 124032K, reserved 1163264K
  class space    used 16462K, committed 17408K, reserved 1048576K
}
Event: 2852.534 GC heap before
{Heap before GC invocations=85 (full 0):
 garbage-first heap   total 1785856K, used 821669K [0x0000000600000000, 0x0000000800000000)
  region size 4096K, 53 young (217088K), 2 survivors (8192K)
 Metaspace       used 122086K, committed 124160K, reserved 1163264K
  class space    used 16465K, committed 17408K, reserved 1048576K
}
Event: 2852.895 GC heap after
{Heap after GC invocations=86 (full 0):
 garbage-first heap   total 1785856K, used 514150K [0x0000000600000000, 0x0000000800000000)
  region size 4096K, 3 young (12288K), 3 survivors (12288K)
 Metaspace       used 122086K, committed 124160K, reserved 1163264K
  class space    used 16465K, committed 17408K, reserved 1048576K
}
Event: 2856.422 GC heap before
{Heap before GC invocations=86 (full 0):
 garbage-first heap   total 1785856K, used 587878K [0x0000000600000000, 0x0000000800000000)
  region size 4096K, 21 young (86016K), 3 survivors (12288K)
 Metaspace       used 122160K, committed 124224K, reserved 1163264K
  class space    used 16475K, committed 17408K, reserved 1048576K
}
Event: 2856.520 GC heap after
{Heap after GC invocations=87 (full 0):
 garbage-first heap   total 1785856K, used 520540K [0x0000000600000000, 0x0000000800000000)
  region size 4096K, 3 young (12288K), 3 survivors (12288K)
 Metaspace       used 122160K, committed 124224K, reserved 1163264K
  class space    used 16475K, committed 17408K, reserved 1048576K
}
Event: 2858.776 GC heap before
{Heap before GC invocations=87 (full 0):
 garbage-first heap   total 1785856K, used 590172K [0x0000000600000000, 0x0000000800000000)
  region size 4096K, 21 young (86016K), 3 survivors (12288K)
 Metaspace       used 122268K, committed 124352K, reserved 1163264K
  class space    used 16486K, committed 17472K, reserved 1048576K
}
Event: 2858.890 GC heap after
{Heap after GC invocations=88 (full 0):
 garbage-first heap   total 1785856K, used 528690K [0x0000000600000000, 0x0000000800000000)
  region size 4096K, 3 young (12288K), 3 survivors (12288K)
 Metaspace       used 122268K, committed 124352K, reserved 1163264K
  class space    used 16486K, committed 17472K, reserved 1048576K
}
Event: 2860.175 GC heap before
{Heap before GC invocations=88 (full 0):
 garbage-first heap   total 1785856K, used 610610K [0x0000000600000000, 0x0000000800000000)
  region size 4096K, 23 young (94208K), 3 survivors (12288K)
 Metaspace       used 122327K, committed 124480K, reserved 1163264K
  class space    used 16486K, committed 17472K, reserved 1048576K
}
Event: 2860.324 GC heap after
{Heap after GC invocations=89 (full 0):
 garbage-first heap   total 1785856K, used 542230K [0x0000000600000000, 0x0000000800000000)
  region size 4096K, 3 young (12288K), 3 survivors (12288K)
 Metaspace       used 122327K, committed 124480K, reserved 1163264K
  class space    used 16486K, committed 17472K, reserved 1048576K
}
Event: 2862.256 GC heap before
{Heap before GC invocations=89 (full 0):
 garbage-first heap   total 1785856K, used 624150K [0x0000000600000000, 0x0000000800000000)
  region size 4096K, 23 young (94208K), 3 survivors (12288K)
 Metaspace       used 122435K, committed 124608K, reserved 1163264K
  class space    used 16492K, committed 17472K, reserved 1048576K
}
Event: 2862.362 GC heap after
{Heap after GC invocations=90 (full 0):
 garbage-first heap   total 1785856K, used 558605K [0x0000000600000000, 0x0000000800000000)
  region size 4096K, 3 young (12288K), 3 survivors (12288K)
 Metaspace       used 122435K, committed 124608K, reserved 1163264K
  class space    used 16492K, committed 17472K, reserved 1048576K
}
Event: 2882.491 GC heap before
{Heap before GC invocations=90 (full 0):
 garbage-first heap   total 1785856K, used 652813K [0x0000000600000000, 0x0000000800000000)
  region size 4096K, 27 young (110592K), 3 survivors (12288K)
 Metaspace       used 122507K, committed 124672K, reserved 1163264K
  class space    used 16500K, committed 17472K, reserved 1048576K
}
Event: 2882.635 GC heap after
{Heap after GC invocations=91 (full 0):
 garbage-first heap   total 1785856K, used 570586K [0x0000000600000000, 0x0000000800000000)
  region size 4096K, 3 young (12288K), 3 survivors (12288K)
 Metaspace       used 122507K, committed 124672K, reserved 1163264K
  class space    used 16500K, committed 17472K, reserved 1048576K
}
Event: 2884.385 GC heap before
{Heap before GC invocations=91 (full 0):
 garbage-first heap   total 1785856K, used 672986K [0x0000000600000000, 0x0000000800000000)
  region size 4096K, 28 young (114688K), 3 survivors (12288K)
 Metaspace       used 122548K, committed 124672K, reserved 1163264K
  class space    used 16504K, committed 17472K, reserved 1048576K
}
Event: 2884.652 GC heap after
{Heap after GC invocations=92 (full 0):
 garbage-first heap   total 1785856K, used 577875K [0x0000000600000000, 0x0000000800000000)
  region size 4096K, 2 young (8192K), 2 survivors (8192K)
 Metaspace       used 122548K, committed 124672K, reserved 1163264K
  class space    used 16504K, committed 17472K, reserved 1048576K
}
Event: 2885.970 GC heap before
{Heap before GC invocations=92 (full 0):
 garbage-first heap   total 1785856K, used 659795K [0x0000000600000000, 0x0000000800000000)
  region size 4096K, 23 young (94208K), 2 survivors (8192K)
 Metaspace       used 122621K, committed 124736K, reserved 1163264K
  class space    used 16506K, committed 17472K, reserved 1048576K
}

