# JRE version: OpenJDK Runtime Environment (17.0.2+8) (build 17.0.2+8-86)
# Java VM: OpenJDK 64-Bit Server VM (17.0.2+8-86, mixed mode, sharing, tiered, compressed oops, compressed class ptrs, g1 gc, windows-amd64)
GC Precious Log:
 CPUs: 8 total, 8 available
 Memory: 7914M
 Large Page Support: Disabled
 NUMA Support: Disabled
 Compressed Oops: Enabled (Zero based)
 Heap Region Size: 4M
 Heap Min Capacity: 8M
 Heap Initial Capacity: 124M
 Heap Max Capacity: 8G
 Pre-touch: Disabled
 Parallel Workers: 8
 Concurrent Workers: 2
 Concurrent Refinement Workers: 8
 Periodic GC: Disabled
Heap:
 garbage-first heap   total 1036288K, used 433123K [0x0000000600000000, 0x0000000800000000)
  region size 4096K, 4 young (16384K), 4 survivors (16384K)
 Metaspace       used 175310K, committed 177472K, reserved 1204224K
  class space    used 23301K, committed 24320K, reserved 1048576K
GC Heap History (20 events):
Event: 279.281 GC heap after
{Heap after GC invocations=94 (full 0):
 garbage-first heap   total 745472K, used 325269K [0x0000000600000000, 0x0000000800000000)
  region size 4096K, 7 young (28672K), 7 survivors (28672K)
 Metaspace       used 166665K, committed 168512K, reserved 1196032K
  class space    used 22391K, committed 23296K, reserved 1048576K
}
Event: 281.064 GC heap before
{Heap before GC invocations=94 (full 0):
 garbage-first heap   total 745472K, used 407189K [0x0000000600000000, 0x0000000800000000)
  region size 4096K, 28 young (114688K), 7 survivors (28672K)
 Metaspace       used 167444K, committed 169280K, reserved 1196032K
  class space    used 22465K, committed 23360K, reserved 1048576K
}
Event: 281.128 GC heap after
{Heap after GC invocations=95 (full 0):
 garbage-first heap   total 745472K, used 317184K [0x0000000600000000, 0x0000000800000000)
  region size 4096K, 1 young (4096K), 1 survivors (4096K)
 Metaspace       used 167444K, committed 169280K, reserved 1196032K
  class space    used 22465K, committed 23360K, reserved 1048576K
}
Event: 284.556 GC heap before
{Heap before GC invocations=96 (full 0):
 garbage-first heap   total 745472K, used 624384K [0x0000000600000000, 0x0000000800000000)
  region size 4096K, 74 young (303104K), 1 survivors (4096K)
 Metaspace       used 168804K, committed 170560K, reserved 1204224K
  class space    used 22638K, committed 23488K, reserved 1048576K
}
Event: 284.716 GC heap after
{Heap after GC invocations=97 (full 0):
 garbage-first heap   total 745472K, used 396546K [0x0000000600000000, 0x0000000800000000)
  region size 4096K, 10 young (40960K), 10 survivors (40960K)
 Metaspace       used 168804K, committed 170560K, reserved 1204224K
  class space    used 22638K, committed 23488K, reserved 1048576K
}
Event: 284.743 GC heap before
{Heap before GC invocations=97 (full 0):
 garbage-first heap   total 745472K, used 400642K [0x0000000600000000, 0x0000000800000000)
  region size 4096K, 11 young (45056K), 10 survivors (40960K)
 Metaspace       used 168804K, committed 170560K, reserved 1204224K
  class space    used 22638K, committed 23488K, reserved 1048576K
}
Event: 284.848 GC heap after
{Heap after GC invocations=98 (full 0):
 garbage-first heap   total 1036288K, used 393731K [0x0000000600000000, 0x0000000800000000)
  region size 4096K, 1 young (4096K), 1 survivors (4096K)
 Metaspace       used 168804K, committed 170560K, reserved 1204224K
  class space    used 22638K, committed 23488K, reserved 1048576K
}
Event: 294.480 GC heap before
{Heap before GC invocations=98 (full 0):
 garbage-first heap   total 1036288K, used 823811K [0x0000000600000000, 0x0000000800000000)
  region size 4096K, 98 young (401408K), 1 survivors (4096K)
 Metaspace       used 170272K, committed 172160K, reserved 1204224K
  class space    used 22732K, committed 23616K, reserved 1048576K
}
Event: 294.508 GC heap after
{Heap after GC invocations=99 (full 0):
 garbage-first heap   total 1036288K, used 415338K [0x0000000600000000, 0x0000000800000000)
  region size 4096K, 6 young (24576K), 6 survivors (24576K)
 Metaspace       used 170272K, committed 172160K, reserved 1204224K
  class space    used 22732K, committed 23616K, reserved 1048576K
}
Event: 296.883 GC heap before
{Heap before GC invocations=99 (full 0):
 garbage-first heap   total 1036288K, used 783978K [0x0000000600000000, 0x0000000800000000)
  region size 4096K, 97 young (397312K), 6 survivors (24576K)
 Metaspace       used 171236K, committed 173120K, reserved 1204224K
  class space    used 22814K, committed 23680K, reserved 1048576K
}
Event: 297.012 GC heap after
{Heap after GC invocations=100 (full 0):
 garbage-first heap   total 1036288K, used 427971K [0x0000000600000000, 0x0000000800000000)
  region size 4096K, 10 young (40960K), 10 survivors (40960K)
 Metaspace       used 171236K, committed 173120K, reserved 1204224K
  class space    used 22814K, committed 23680K, reserved 1048576K
}
Event: 313.913 GC heap before
{Heap before GC invocations=100 (full 0):
 garbage-first heap   total 1036288K, used 587715K [0x0000000600000000, 0x0000000800000000)
  region size 4096K, 51 young (208896K), 10 survivors (40960K)
 Metaspace       used 172538K, committed 174400K, reserved 1204224K
  class space    used 22954K, committed 23808K, reserved 1048576K
}
Event: 313.945 GC heap after
{Heap after GC invocations=101 (full 0):
 garbage-first heap   total 1036288K, used 414583K [0x0000000600000000, 0x0000000800000000)
  region size 4096K, 3 young (12288K), 3 survivors (12288K)
 Metaspace       used 172538K, committed 174400K, reserved 1204224K
  class space    used 22954K, committed 23808K, reserved 1048576K
}
Event: 452.846 GC heap before
{Heap before GC invocations=102 (full 0):
 garbage-first heap   total 1036288K, used 930679K [0x0000000600000000, 0x0000000800000000)
  region size 4096K, 105 young (430080K), 3 survivors (12288K)
 Metaspace       used 174434K, committed 176448K, reserved 1204224K
  class space    used 23209K, committed 24192K, reserved 1048576K
}
Event: 453.039 GC heap after
{Heap after GC invocations=103 (full 0):
 garbage-first heap   total 1036288K, used 431991K [0x0000000600000000, 0x0000000800000000)
  region size 4096K, 8 young (32768K), 8 survivors (32768K)
 Metaspace       used 174434K, committed 176448K, reserved 1204224K
  class space    used 23209K, committed 24192K, reserved 1048576K
}
Event: 453.773 GC heap before
{Heap before GC invocations=103 (full 0):
 garbage-first heap   total 1036288K, used 448375K [0x0000000600000000, 0x0000000800000000)
  region size 4096K, 12 young (49152K), 8 survivors (32768K)
 Metaspace       used 174584K, committed 176640K, reserved 1204224K
  class space    used 23230K, committed 24192K, reserved 1048576K
}
Event: 454.314 GC heap after
{Heap after GC invocations=104 (full 0):
 garbage-first heap   total 1036288K, used 404498K [0x0000000600000000, 0x0000000800000000)
  region size 4096K, 2 young (8192K), 2 survivors (8192K)
 Metaspace       used 174584K, committed 176640K, reserved 1204224K
  class space    used 23230K, committed 24192K, reserved 1048576K
}
Event: 457.327 GC heap before
{Heap before GC invocations=104 (full 0):
 garbage-first heap   total 1036288K, used 486418K [0x0000000600000000, 0x0000000800000000)
  region size 4096K, 22 young (90112K), 2 survivors (8192K)
 Metaspace       used 174991K, committed 177088K, reserved 1204224K
  class space    used 23272K, committed 24256K, reserved 1048576K
}
Event: 457.428 GC heap after
{Heap after GC invocations=105 (full 0):
 garbage-first heap   total 1036288K, used 419417K [0x0000000600000000, 0x0000000800000000)
  region size 4096K, 3 young (12288K), 3 survivors (12288K)
 Metaspace       used 174991K, committed 177088K, reserved 1204224K
  class space    used 23272K, committed 24256K, reserved 1048576K
}
Event: 472.640 GC heap before
{Heap before GC invocations=105 (full 0):
 garbage-first heap   total 1036288K, used 525913K [0x0000000600000000, 0x0000000800000000)
  region size 4096K, 30 young (122880K), 3 survivors (12288K)
 Metaspace       used 175310K, committed 177472K, reserved 1204224K
  class space    used 23301K, committed 24320K, reserved 1048576K
}

