# JRE version: OpenJDK Runtime Environment (17.0.2+8) (build 17.0.2+8-86)
# Java VM: OpenJDK 64-Bit Server VM (17.0.2+8-86, mixed mode, sharing, tiered, compressed oops, compressed class ptrs, g1 gc, windows-amd64)
GC Precious Log:
 CPUs: 8 total, 8 available
 Memory: 7914M
 Large Page Support: Disabled
 NUMA Support: Disabled
 Compressed Oops: Enabled (32-bit)
 Heap Region Size: 1M
 Heap Min Capacity: 8M
 Heap Initial Capacity: 124M
 Heap Max Capacity: 1980M
 Pre-touch: Disabled
 Parallel Workers: 8
 Concurrent Workers: 2
 Concurrent Refinement Workers: 8
 Periodic GC: Disabled
Heap:
 garbage-first heap   total 101376K, used 28672K [0x0000000084400000, 0x0000000100000000)
  region size 1024K, 1 young (1024K), 1 survivors (1024K)
 Metaspace       used 35748K, committed 35968K, reserved 1081344K
  class space    used 4432K, committed 4544K, reserved 1048576K
GC Heap History (15 events):
Event: 1.908 GC heap before
{Heap before GC invocations=0 (full 0):
 garbage-first heap   total 126976K, used 27648K [0x0000000084400000, 0x0000000100000000)
  region size 1024K, 23 young (23552K), 0 survivors (0K)
 Metaspace       used 6580K, committed 6784K, reserved 1064960K
  class space    used 662K, committed 768K, reserved 1048576K
}
Event: 1.919 GC heap after
{Heap after GC invocations=1 (full 0):
 garbage-first heap   total 126976K, used 6928K [0x0000000084400000, 0x0000000100000000)
  region size 1024K, 3 young (3072K), 3 survivors (3072K)
 Metaspace       used 6580K, committed 6784K, reserved 1064960K
  class space    used 662K, committed 768K, reserved 1048576K
}
Event: 4.236 GC heap before
{Heap before GC invocations=1 (full 0):
 garbage-first heap   total 126976K, used 39696K [0x0000000084400000, 0x0000000100000000)
  region size 1024K, 35 young (35840K), 3 survivors (3072K)
 Metaspace       used 14001K, committed 14272K, reserved 1064960K
  class space    used 1587K, committed 1728K, reserved 1048576K
}
Event: 4.254 GC heap after
{Heap after GC invocations=2 (full 0):
 garbage-first heap   total 126976K, used 10255K [0x0000000084400000, 0x0000000100000000)
  region size 1024K, 4 young (4096K), 4 survivors (4096K)
 Metaspace       used 14001K, committed 14272K, reserved 1064960K
  class space    used 1587K, committed 1728K, reserved 1048576K
}
Event: 6.620 GC heap before
{Heap before GC invocations=2 (full 0):
 garbage-first heap   total 126976K, used 39951K [0x0000000084400000, 0x0000000100000000)
  region size 1024K, 30 young (30720K), 4 survivors (4096K)
 Metaspace       used 21243K, committed 21504K, reserved 1073152K
  class space    used 2705K, committed 2816K, reserved 1048576K
}
Event: 6.632 GC heap after
{Heap after GC invocations=3 (full 0):
 garbage-first heap   total 126976K, used 16610K [0x0000000084400000, 0x0000000100000000)
  region size 1024K, 6 young (6144K), 6 survivors (6144K)
 Metaspace       used 21243K, committed 21504K, reserved 1073152K
  class space    used 2705K, committed 2816K, reserved 1048576K
}
Event: 7.928 GC heap before
{Heap before GC invocations=4 (full 0):
 garbage-first heap   total 61440K, used 48354K [0x0000000084400000, 0x0000000100000000)
  region size 1024K, 36 young (36864K), 6 survivors (6144K)
 Metaspace       used 26391K, committed 26624K, reserved 1073152K
  class space    used 3544K, committed 3648K, reserved 1048576K
}
Event: 7.954 GC heap after
{Heap after GC invocations=5 (full 0):
 garbage-first heap   total 61440K, used 23761K [0x0000000084400000, 0x0000000100000000)
  region size 1024K, 5 young (5120K), 5 survivors (5120K)
 Metaspace       used 26391K, committed 26624K, reserved 1073152K
  class space    used 3544K, committed 3648K, reserved 1048576K
}
Event: 7.972 GC heap before
{Heap before GC invocations=5 (full 0):
 garbage-first heap   total 61440K, used 24785K [0x0000000084400000, 0x0000000100000000)
  region size 1024K, 6 young (6144K), 5 survivors (5120K)
 Metaspace       used 26570K, committed 26816K, reserved 1073152K
  class space    used 3563K, committed 3712K, reserved 1048576K
}
Event: 7.984 GC heap after
{Heap after GC invocations=6 (full 0):
 garbage-first heap   total 61440K, used 25054K [0x0000000084400000, 0x0000000100000000)
  region size 1024K, 1 young (1024K), 1 survivors (1024K)
 Metaspace       used 26570K, committed 26816K, reserved 1073152K
  class space    used 3563K, committed 3712K, reserved 1048576K
}
Event: 9.240 GC heap before
{Heap before GC invocations=6 (full 0):
 garbage-first heap   total 61440K, used 45534K [0x0000000084400000, 0x0000000100000000)
  region size 1024K, 22 young (22528K), 1 survivors (1024K)
 Metaspace       used 30350K, committed 30656K, reserved 1081344K
  class space    used 3947K, committed 4096K, reserved 1048576K
}
Event: 9.248 GC heap after
{Heap after GC invocations=7 (full 0):
 garbage-first heap   total 61440K, used 26112K [0x0000000084400000, 0x0000000100000000)
  region size 1024K, 3 young (3072K), 3 survivors (3072K)
 Metaspace       used 30350K, committed 30656K, reserved 1081344K
  class space    used 3947K, committed 4096K, reserved 1048576K
}
Event: 10.366 GC heap before
{Heap before GC invocations=7 (full 0):
 garbage-first heap   total 61440K, used 45568K [0x0000000084400000, 0x0000000100000000)
  region size 1024K, 23 young (23552K), 3 survivors (3072K)
 Metaspace       used 34738K, committed 35008K, reserved 1081344K
  class space    used 4347K, committed 4480K, reserved 1048576K
}
Event: 10.378 GC heap after
{Heap after GC invocations=8 (full 0):
 garbage-first heap   total 61440K, used 27895K [0x0000000084400000, 0x0000000100000000)
  region size 1024K, 2 young (2048K), 2 survivors (2048K)
 Metaspace       used 34738K, committed 35008K, reserved 1081344K
  class space    used 4347K, committed 4480K, reserved 1048576K
}
Event: 10.740 GC heap before
{Heap before GC invocations=8 (full 0):
 garbage-first heap   total 61440K, used 31991K [0x0000000084400000, 0x0000000100000000)
  region size 1024K, 7 young (7168K), 2 survivors (2048K)
 Metaspace       used 35748K, committed 35968K, reserved 1081344K
  class space    used 4432K, committed 4544K, reserved 1048576K
}

